<?xml version="1.0" encoding="UTF-8"?>
<testsuites name="Mocha Tests" time="2.994" tests="1" failures="0">
  <testsuite name="Root Suite" timestamp="2020-11-04T15:12:57" tests="0" file="features/1_CALC-633.feature" failures="0" time="0">
  </testsuite>
  <testsuite name="As a user, I can logout the application" timestamp="2020-11-04T15:12:57" tests="1" failures="0" time="2.994">
    <testcase name="As a user, I can logout the application Valid Logout" time="2.994" classname="Valid Logout">
    </testcase>
  </testsuite>
</testsuites>