<?xml version="1.0" encoding="UTF-8"?>
<testsuites name="Mocha Tests" time="8.273" tests="1" failures="0">
  <testsuite name="Root Suite" timestamp="2021-06-01T10:50:08" tests="0" file="features/1_CALC-633.feature" failures="0" time="0">
  </testsuite>
  <testsuite name="As a user, I can logout the application" timestamp="2021-06-01T10:50:08" tests="1" failures="0" time="8.273">
    <testcase name="As a user, I can logout the application Valid Logout" time="8.273" classname="Valid Logout">
    </testcase>
  </testsuite>
</testsuites>