<?xml version="1.0" encoding="UTF-8"?>
<testsuites name="Mocha Tests" time="4.596" tests="5" failures="0">
  <testsuite name="Root Suite" timestamp="2020-11-03T12:19:52" tests="0" file="features/1_CALC-7905.feature" failures="0" time="0">
  </testsuite>
  <testsuite name="As a user, I can login the application" timestamp="2020-11-03T12:19:52" tests="5" failures="0" time="4.596">
    <testcase name="As a user, I can login the application Login With Invalid Credentials Should Fail (example #1)" time="1.625" classname="Login With Invalid Credentials Should Fail (example #1)">
    </testcase>
    <testcase name="As a user, I can login the application Login With Invalid Credentials Should Fail (example #2)" time="0.736" classname="Login With Invalid Credentials Should Fail (example #2)">
    </testcase>
    <testcase name="As a user, I can login the application Login With Invalid Credentials Should Fail (example #3)" time="0.758" classname="Login With Invalid Credentials Should Fail (example #3)">
    </testcase>
    <testcase name="As a user, I can login the application Invalid Login" time="0.778" classname="Invalid Login">
    </testcase>
    <testcase name="As a user, I can login the application Valid Login" time="0.699" classname="Valid Login">
    </testcase>
  </testsuite>
</testsuites>