<?xml version="1.0" encoding="UTF-8"?>
<testsuites name="Mocha Tests" time="0.553" tests="1" failures="0">
  <testsuite name="Root Suite" timestamp="2020-11-03T11:49:41" tests="0" file="cypress/integration/login/logout.feature" failures="0" time="0">
  </testsuite>
  <testsuite name="As a user, I can logout the applicaiton" timestamp="2020-11-03T11:49:41" tests="1" failures="0" time="0.553">
    <testcase name="As a user, I can logout the applicaiton Valid Logout" time="0.553" classname="Valid Logout">
    </testcase>
  </testsuite>
</testsuites>