<?xml version="1.0" encoding="UTF-8"?>
<testsuites name="Mocha Tests" time="0.509" tests="1" failures="0">
  <testsuite name="Root Suite" timestamp="2020-11-03T12:14:24" tests="0" file="cypress/integration/login/logout.feature" failures="0" time="0">
  </testsuite>
  <testsuite name="As a user, I can logout the application" timestamp="2020-11-03T12:14:24" tests="1" failures="0" time="0.509">
    <testcase name="As a user, I can logout the application Valid Logout" time="0.509" classname="Valid Logout">
    </testcase>
  </testsuite>
</testsuites>