<?xml version="1.0" encoding="UTF-8"?>
<testsuites name="Mocha Tests" time="0" tests="1" failures="0" skipped="1">
  <testsuite name="Root Suite" timestamp="2020-11-03T11:53:15" tests="0" file="cypress/integration/login/logout.feature" failures="0" time="0">
  </testsuite>
  <testsuite name="As a user, I can logout the applicaiton" timestamp="2020-11-03T11:53:15" tests="1" failures="0" time="0">
  </testsuite>
</testsuites>