<?xml version="1.0" encoding="UTF-8"?>
<testsuites name="Mocha Tests" time="6.584999999999999" tests="5" failures="0">
  <testsuite name="Root Suite" timestamp="2020-11-03T11:49:26" tests="0" file="cypress/integration/login/login.feature" failures="0" time="0">
  </testsuite>
  <testsuite name="As a user, I can login the applicaiton" timestamp="2020-11-03T11:49:26" tests="5" failures="0" time="6.584999999999999">
    <testcase name="As a user, I can login the applicaiton Valid Login" time="3.445" classname="Valid Login">
    </testcase>
    <testcase name="As a user, I can login the applicaiton Invalid Login" time="0.783" classname="Invalid Login">
    </testcase>
    <testcase name="As a user, I can login the applicaiton Login With Invalid Credentials Should Fail (example #1)" time="0.821" classname="Login With Invalid Credentials Should Fail (example #1)">
    </testcase>
    <testcase name="As a user, I can login the applicaiton Login With Invalid Credentials Should Fail (example #2)" time="0.739" classname="Login With Invalid Credentials Should Fail (example #2)">
    </testcase>
    <testcase name="As a user, I can login the applicaiton Login With Invalid Credentials Should Fail (example #3)" time="0.797" classname="Login With Invalid Credentials Should Fail (example #3)">
    </testcase>
  </testsuite>
</testsuites>