<?xml version="1.0" encoding="UTF-8"?>
<testsuites name="Mocha Tests" time="4.764" tests="5" failures="0">
  <testsuite name="Root Suite" timestamp="2020-11-03T11:53:06" tests="0" file="cypress/integration/login/login.feature" failures="0" time="0">
  </testsuite>
  <testsuite name="As a user, I can login the applicaiton" timestamp="2020-11-03T11:53:06" tests="5" failures="0" time="4.764">
    <testcase name="As a user, I can login the applicaiton Valid Login" time="1.731" classname="Valid Login">
    </testcase>
    <testcase name="As a user, I can login the applicaiton Invalid Login" time="0.773" classname="Invalid Login">
    </testcase>
    <testcase name="As a user, I can login the applicaiton Login With Invalid Credentials Should Fail (example #1)" time="0.759" classname="Login With Invalid Credentials Should Fail (example #1)">
    </testcase>
    <testcase name="As a user, I can login the applicaiton Login With Invalid Credentials Should Fail (example #2)" time="0.743" classname="Login With Invalid Credentials Should Fail (example #2)">
    </testcase>
    <testcase name="As a user, I can login the applicaiton Login With Invalid Credentials Should Fail (example #3)" time="0.758" classname="Login With Invalid Credentials Should Fail (example #3)">
    </testcase>
  </testsuite>
</testsuites>