<?xml version="1.0" encoding="UTF-8"?>
<testsuites name="Mocha Tests" time="11.301" tests="1" failures="0">
  <testsuite name="Root Suite" timestamp="2021-06-16T11:54:52" tests="0" file="features/1_CALC-633.feature" failures="0" time="0">
  </testsuite>
  <testsuite name="As a user, I can logout the application" timestamp="2021-06-16T11:54:52" tests="1" failures="0" time="11.301">
    <testcase name="As a user, I can logout the application Valid Logout" time="11.301" classname="Valid Logout">
    </testcase>
  </testsuite>
</testsuites>