<?xml version="1.0" encoding="UTF-8"?>
<testsuites name="Mocha Tests" time="1.428" tests="1" failures="0">
  <testsuite name="Root Suite" timestamp="2020-11-03T16:30:15" tests="0" file="features/1_CALC-7905.feature" failures="0" time="0">
  </testsuite>
  <testsuite name="As a user, I can login the application" timestamp="2020-11-03T16:30:15" tests="1" failures="0" time="1.428">
    <testcase name="As a user, I can login the application Valid Login" time="1.428" classname="Valid Login">
    </testcase>
  </testsuite>
</testsuites>