<?xml version="1.0" encoding="UTF-8"?>
<testsuites name="Mocha Tests" time="14.941" tests="1" failures="0">
  <testsuite name="Root Suite" timestamp="2020-11-04T14:40:07" tests="0" file="features/1_CALC-633.feature" failures="0" time="0">
  </testsuite>
  <testsuite name="As a user, I can logout the application" timestamp="2020-11-04T14:40:07" tests="1" failures="0" time="14.941">
    <testcase name="As a user, I can logout the application Valid Logout" time="14.941" classname="Valid Logout">
    </testcase>
  </testsuite>
</testsuites>